{"/home/leidyolinto/Área de Trabalho/CURSO-ADAA/Teste-Altomatizado/Testes-Automatizados/src/controllers/session-ctrl.js": {"path":"/home/leidyolinto/Área de Trabalho/CURSO-ADAA/Teste-Altomatizado/Testes-Automatizados/src/controllers/session-ctrl.js","all":false,"statementMap":{"0":{"start":{"line":1,"column":0},"end":{"line":1,"column":61}},"1":{"start":{"line":2,"column":0},"end":{"line":2,"column":55}},"2":{"start":{"line":3,"column":0},"end":{"line":3,"column":49}},"3":{"start":{"line":4,"column":0},"end":{"line":4,"column":0}},"4":{"start":{"line":5,"column":0},"end":{"line":5,"column":25}},"5":{"start":{"line":6,"column":0},"end":{"line":6,"column":33}},"6":{"start":{"line":7,"column":0},"end":{"line":7,"column":9}},"7":{"start":{"line":8,"column":0},"end":{"line":8,"column":42}},"8":{"start":{"line":9,"column":0},"end":{"line":9,"column":0}},"9":{"start":{"line":10,"column":0},"end":{"line":10,"column":34}},"10":{"start":{"line":11,"column":0},"end":{"line":11,"column":56}},"11":{"start":{"line":12,"column":0},"end":{"line":12,"column":7}},"12":{"start":{"line":13,"column":0},"end":{"line":13,"column":0}},"13":{"start":{"line":14,"column":0},"end":{"line":14,"column":22}},"14":{"start":{"line":15,"column":0},"end":{"line":15,"column":56}},"15":{"start":{"line":16,"column":0},"end":{"line":16,"column":7}},"16":{"start":{"line":17,"column":0},"end":{"line":17,"column":0}},"17":{"start":{"line":18,"column":0},"end":{"line":18,"column":79}},"18":{"start":{"line":19,"column":0},"end":{"line":19,"column":64}},"19":{"start":{"line":20,"column":0},"end":{"line":20,"column":7}},"20":{"start":{"line":21,"column":0},"end":{"line":21,"column":0}},"21":{"start":{"line":22,"column":0},"end":{"line":22,"column":65}},"22":{"start":{"line":23,"column":0},"end":{"line":23,"column":0}},"23":{"start":{"line":24,"column":0},"end":{"line":24,"column":35}},"24":{"start":{"line":25,"column":0},"end":{"line":25,"column":44}},"25":{"start":{"line":26,"column":0},"end":{"line":26,"column":21}},"26":{"start":{"line":27,"column":0},"end":{"line":27,"column":82}},"27":{"start":{"line":28,"column":0},"end":{"line":28,"column":5}},"28":{"start":{"line":29,"column":0},"end":{"line":29,"column":3}},"29":{"start":{"line":30,"column":0},"end":{"line":30,"column":1}},"30":{"start":{"line":31,"column":0},"end":{"line":31,"column":0}},"31":{"start":{"line":32,"column":0},"end":{"line":32,"column":34}}},"s":{"0":1,"1":1,"2":1,"3":1,"4":1,"5":1,"6":5,"7":5,"8":5,"9":5,"10":1,"11":1,"12":4,"13":5,"14":1,"15":1,"16":3,"17":5,"18":1,"19":1,"20":1,"21":1,"22":1,"23":1,"24":1,"25":5,"26":4,"27":4,"28":5,"29":1,"30":1,"31":1},"branchMap":{"0":{"type":"branch","line":6,"loc":{"start":{"line":6,"column":2},"end":{"line":29,"column":3}},"locations":[{"start":{"line":6,"column":2},"end":{"line":29,"column":3}}]},"1":{"type":"branch","line":10,"loc":{"start":{"line":10,"column":33},"end":{"line":12,"column":7}},"locations":[{"start":{"line":10,"column":33},"end":{"line":12,"column":7}}]},"2":{"type":"branch","line":12,"loc":{"start":{"line":12,"column":6},"end":{"line":14,"column":21}},"locations":[{"start":{"line":12,"column":6},"end":{"line":14,"column":21}}]},"3":{"type":"branch","line":14,"loc":{"start":{"line":14,"column":21},"end":{"line":16,"column":7}},"locations":[{"start":{"line":14,"column":21},"end":{"line":16,"column":7}}]},"4":{"type":"branch","line":16,"loc":{"start":{"line":16,"column":6},"end":{"line":18,"column":76}},"locations":[{"start":{"line":16,"column":6},"end":{"line":18,"column":76}}]},"5":{"type":"branch","line":18,"loc":{"start":{"line":18,"column":76},"end":{"line":18,"column":78}},"locations":[{"start":{"line":18,"column":76},"end":{"line":18,"column":78}}]},"6":{"type":"branch","line":18,"loc":{"start":{"line":18,"column":78},"end":{"line":26,"column":6}},"locations":[{"start":{"line":18,"column":78},"end":{"line":26,"column":6}}]},"7":{"type":"branch","line":26,"loc":{"start":{"line":26,"column":6},"end":{"line":28,"column":5}},"locations":[{"start":{"line":26,"column":6},"end":{"line":28,"column":5}}]},"8":{"type":"branch","line":27,"loc":{"start":{"line":27,"column":36},"end":{"line":27,"column":43}},"locations":[{"start":{"line":27,"column":36},"end":{"line":27,"column":43}}]},"9":{"type":"branch","line":27,"loc":{"start":{"line":27,"column":63},"end":{"line":27,"column":81}},"locations":[{"start":{"line":27,"column":63},"end":{"line":27,"column":81}}]}},"b":{"0":[5],"1":[1],"2":[4],"3":[1],"4":[3],"5":[2],"6":[1],"7":[4],"8":[1],"9":[0]},"fnMap":{"0":{"name":"create","decl":{"start":{"line":6,"column":2},"end":{"line":29,"column":3}},"loc":{"start":{"line":6,"column":2},"end":{"line":29,"column":3}},"line":6}},"f":{"0":5}}
,"/home/leidyolinto/Área de Trabalho/CURSO-ADAA/Teste-Altomatizado/Testes-Automatizados/src/controllers/user-ctrl.js": {"path":"/home/leidyolinto/Área de Trabalho/CURSO-ADAA/Teste-Altomatizado/Testes-Automatizados/src/controllers/user-ctrl.js","all":false,"statementMap":{"0":{"start":{"line":1,"column":0},"end":{"line":1,"column":55}},"1":{"start":{"line":2,"column":0},"end":{"line":2,"column":49}},"2":{"start":{"line":3,"column":0},"end":{"line":3,"column":0}},"3":{"start":{"line":4,"column":0},"end":{"line":4,"column":22}},"4":{"start":{"line":5,"column":0},"end":{"line":5,"column":33}},"5":{"start":{"line":6,"column":0},"end":{"line":6,"column":9}},"6":{"start":{"line":7,"column":0},"end":{"line":7,"column":48}},"7":{"start":{"line":8,"column":0},"end":{"line":8,"column":0}},"8":{"start":{"line":9,"column":0},"end":{"line":9,"column":34}},"9":{"start":{"line":10,"column":0},"end":{"line":10,"column":56}},"10":{"start":{"line":11,"column":0},"end":{"line":11,"column":7}},"11":{"start":{"line":12,"column":0},"end":{"line":12,"column":0}},"12":{"start":{"line":13,"column":0},"end":{"line":13,"column":22}},"13":{"start":{"line":14,"column":0},"end":{"line":14,"column":56}},"14":{"start":{"line":15,"column":0},"end":{"line":15,"column":7}},"15":{"start":{"line":16,"column":0},"end":{"line":16,"column":0}},"16":{"start":{"line":17,"column":0},"end":{"line":17,"column":76}},"17":{"start":{"line":18,"column":0},"end":{"line":18,"column":0}},"18":{"start":{"line":19,"column":0},"end":{"line":19,"column":41}},"19":{"start":{"line":20,"column":0},"end":{"line":20,"column":21}},"20":{"start":{"line":21,"column":0},"end":{"line":21,"column":82}},"21":{"start":{"line":22,"column":0},"end":{"line":22,"column":5}},"22":{"start":{"line":23,"column":0},"end":{"line":23,"column":3}},"23":{"start":{"line":24,"column":0},"end":{"line":24,"column":0}},"24":{"start":{"line":25,"column":0},"end":{"line":25,"column":41}},"25":{"start":{"line":26,"column":0},"end":{"line":26,"column":36}},"26":{"start":{"line":27,"column":0},"end":{"line":27,"column":0}},"27":{"start":{"line":28,"column":0},"end":{"line":28,"column":37}},"28":{"start":{"line":29,"column":0},"end":{"line":29,"column":50}},"29":{"start":{"line":30,"column":0},"end":{"line":30,"column":3}},"30":{"start":{"line":31,"column":0},"end":{"line":31,"column":1}},"31":{"start":{"line":32,"column":0},"end":{"line":32,"column":0}},"32":{"start":{"line":33,"column":0},"end":{"line":33,"column":31}}},"s":{"0":1,"1":1,"2":1,"3":1,"4":1,"5":4,"6":4,"7":4,"8":4,"9":1,"10":1,"11":3,"12":4,"13":1,"14":1,"15":2,"16":2,"17":1,"18":1,"19":4,"20":3,"21":3,"22":4,"23":1,"24":1,"25":0,"26":0,"27":0,"28":0,"29":0,"30":1,"31":1,"32":1},"branchMap":{"0":{"type":"branch","line":5,"loc":{"start":{"line":5,"column":2},"end":{"line":23,"column":3}},"locations":[{"start":{"line":5,"column":2},"end":{"line":23,"column":3}}]},"1":{"type":"branch","line":9,"loc":{"start":{"line":9,"column":33},"end":{"line":11,"column":7}},"locations":[{"start":{"line":9,"column":33},"end":{"line":11,"column":7}}]},"2":{"type":"branch","line":11,"loc":{"start":{"line":11,"column":6},"end":{"line":13,"column":21}},"locations":[{"start":{"line":11,"column":6},"end":{"line":13,"column":21}}]},"3":{"type":"branch","line":13,"loc":{"start":{"line":13,"column":21},"end":{"line":15,"column":7}},"locations":[{"start":{"line":13,"column":21},"end":{"line":15,"column":7}}]},"4":{"type":"branch","line":15,"loc":{"start":{"line":15,"column":6},"end":{"line":17,"column":76}},"locations":[{"start":{"line":15,"column":6},"end":{"line":17,"column":76}}]},"5":{"type":"branch","line":18,"loc":{"start":{"line":18,"column":-1},"end":{"line":20,"column":6}},"locations":[{"start":{"line":18,"column":-1},"end":{"line":20,"column":6}}]},"6":{"type":"branch","line":20,"loc":{"start":{"line":20,"column":6},"end":{"line":22,"column":5}},"locations":[{"start":{"line":20,"column":6},"end":{"line":22,"column":5}}]},"7":{"type":"branch","line":21,"loc":{"start":{"line":21,"column":36},"end":{"line":21,"column":43}},"locations":[{"start":{"line":21,"column":36},"end":{"line":21,"column":43}}]},"8":{"type":"branch","line":21,"loc":{"start":{"line":21,"column":63},"end":{"line":21,"column":81}},"locations":[{"start":{"line":21,"column":63},"end":{"line":21,"column":81}}]}},"b":{"0":[4],"1":[1],"2":[3],"3":[1],"4":[2],"5":[1],"6":[3],"7":[1],"8":[1]},"fnMap":{"0":{"name":"create","decl":{"start":{"line":5,"column":2},"end":{"line":23,"column":3}},"loc":{"start":{"line":5,"column":2},"end":{"line":23,"column":3}},"line":5},"1":{"name":"changePassword","decl":{"start":{"line":25,"column":2},"end":{"line":30,"column":3}},"loc":{"start":{"line":25,"column":2},"end":{"line":30,"column":3}},"line":25}},"f":{"0":4,"1":0}}
,"/home/leidyolinto/Área de Trabalho/CURSO-ADAA/Teste-Altomatizado/Testes-Automatizados/src/schemas/User.js": {"path":"/home/leidyolinto/Área de Trabalho/CURSO-ADAA/Teste-Altomatizado/Testes-Automatizados/src/schemas/User.js","all":false,"statementMap":{"0":{"start":{"line":1,"column":0},"end":{"line":1,"column":36}},"1":{"start":{"line":2,"column":0},"end":{"line":2,"column":0}},"2":{"start":{"line":3,"column":0},"end":{"line":3,"column":36}},"3":{"start":{"line":4,"column":0},"end":{"line":4,"column":15}},"4":{"start":{"line":5,"column":0},"end":{"line":5,"column":16}},"5":{"start":{"line":6,"column":0},"end":{"line":6,"column":18}},"6":{"start":{"line":7,"column":0},"end":{"line":7,"column":2}},"7":{"start":{"line":8,"column":0},"end":{"line":8,"column":0}},"8":{"start":{"line":9,"column":0},"end":{"line":9,"column":51}}},"s":{"0":1,"1":1,"2":1,"3":1,"4":1,"5":1,"6":1,"7":1,"8":1},"branchMap":{},"b":{},"fnMap":{},"f":{}}
,"/home/leidyolinto/Área de Trabalho/CURSO-ADAA/Teste-Altomatizado/Testes-Automatizados/src/services/session-service.js": {"path":"/home/leidyolinto/Área de Trabalho/CURSO-ADAA/Teste-Altomatizado/Testes-Automatizados/src/services/session-service.js","all":false,"statementMap":{"0":{"start":{"line":1,"column":0},"end":{"line":1,"column":35}},"1":{"start":{"line":2,"column":0},"end":{"line":2,"column":0}},"2":{"start":{"line":3,"column":0},"end":{"line":3,"column":22}},"3":{"start":{"line":4,"column":0},"end":{"line":4,"column":35}},"4":{"start":{"line":5,"column":0},"end":{"line":5,"column":56}},"5":{"start":{"line":6,"column":0},"end":{"line":6,"column":25}},"6":{"start":{"line":7,"column":0},"end":{"line":7,"column":6}},"7":{"start":{"line":8,"column":0},"end":{"line":8,"column":3}},"8":{"start":{"line":9,"column":0},"end":{"line":9,"column":1}},"9":{"start":{"line":10,"column":0},"end":{"line":10,"column":0}},"10":{"start":{"line":11,"column":0},"end":{"line":11,"column":31}}},"s":{"0":1,"1":1,"2":1,"3":1,"4":2,"5":2,"6":2,"7":2,"8":1,"9":1,"10":1},"branchMap":{"0":{"type":"branch","line":4,"loc":{"start":{"line":4,"column":9},"end":{"line":8,"column":3}},"locations":[{"start":{"line":4,"column":9},"end":{"line":8,"column":3}}]}},"b":{"0":[2]},"fnMap":{"0":{"name":"generateToken","decl":{"start":{"line":4,"column":9},"end":{"line":8,"column":3}},"loc":{"start":{"line":4,"column":9},"end":{"line":8,"column":3}},"line":4}},"f":{"0":2}}
,"/home/leidyolinto/Área de Trabalho/CURSO-ADAA/Teste-Altomatizado/Testes-Automatizados/src/services/user-service.js": {"path":"/home/leidyolinto/Área de Trabalho/CURSO-ADAA/Teste-Altomatizado/Testes-Automatizados/src/services/user-service.js","all":false,"statementMap":{"0":{"start":{"line":1,"column":0},"end":{"line":1,"column":39}},"1":{"start":{"line":2,"column":0},"end":{"line":2,"column":0}},"2":{"start":{"line":3,"column":0},"end":{"line":3,"column":19}},"3":{"start":{"line":4,"column":0},"end":{"line":4,"column":54}},"4":{"start":{"line":5,"column":0},"end":{"line":5,"column":38}},"5":{"start":{"line":6,"column":0},"end":{"line":6,"column":11}},"6":{"start":{"line":7,"column":0},"end":{"line":7,"column":12}},"7":{"start":{"line":8,"column":0},"end":{"line":8,"column":14}},"8":{"start":{"line":9,"column":0},"end":{"line":9,"column":6}},"9":{"start":{"line":10,"column":0},"end":{"line":10,"column":0}},"10":{"start":{"line":11,"column":0},"end":{"line":11,"column":17}},"11":{"start":{"line":12,"column":0},"end":{"line":12,"column":3}},"12":{"start":{"line":13,"column":0},"end":{"line":13,"column":0}},"13":{"start":{"line":14,"column":0},"end":{"line":14,"column":64}},"14":{"start":{"line":15,"column":0},"end":{"line":15,"column":46}},"15":{"start":{"line":16,"column":0},"end":{"line":16,"column":0}},"16":{"start":{"line":17,"column":0},"end":{"line":17,"column":16}},"17":{"start":{"line":18,"column":0},"end":{"line":18,"column":18}},"18":{"start":{"line":19,"column":0},"end":{"line":19,"column":5}},"19":{"start":{"line":20,"column":0},"end":{"line":20,"column":0}},"20":{"start":{"line":21,"column":0},"end":{"line":21,"column":37}},"21":{"start":{"line":22,"column":0},"end":{"line":22,"column":59}},"22":{"start":{"line":23,"column":0},"end":{"line":23,"column":5}},"23":{"start":{"line":24,"column":0},"end":{"line":24,"column":0}},"24":{"start":{"line":25,"column":0},"end":{"line":25,"column":15}},"25":{"start":{"line":26,"column":0},"end":{"line":26,"column":3}},"26":{"start":{"line":27,"column":0},"end":{"line":27,"column":1}},"27":{"start":{"line":28,"column":0},"end":{"line":28,"column":0}},"28":{"start":{"line":29,"column":0},"end":{"line":29,"column":28}}},"s":{"0":1,"1":1,"2":1,"3":1,"4":1,"5":1,"6":1,"7":1,"8":1,"9":1,"10":1,"11":1,"12":1,"13":1,"14":0,"15":0,"16":0,"17":0,"18":0,"19":0,"20":0,"21":0,"22":0,"23":0,"24":0,"25":0,"26":1,"27":1,"28":1},"branchMap":{"0":{"type":"branch","line":4,"loc":{"start":{"line":4,"column":2},"end":{"line":12,"column":3}},"locations":[{"start":{"line":4,"column":2},"end":{"line":12,"column":3}}]}},"b":{"0":[1]},"fnMap":{"0":{"name":"createUser","decl":{"start":{"line":4,"column":2},"end":{"line":12,"column":3}},"loc":{"start":{"line":4,"column":2},"end":{"line":12,"column":3}},"line":4},"1":{"name":"userExistsAndCheckPassword","decl":{"start":{"line":14,"column":2},"end":{"line":26,"column":3}},"loc":{"start":{"line":14,"column":2},"end":{"line":26,"column":3}},"line":14}},"f":{"0":1,"1":0}}
,"/home/leidyolinto/Área de Trabalho/CURSO-ADAA/Teste-Altomatizado/Testes-Automatizados/src/utils/email-validator.js": {"path":"/home/leidyolinto/Área de Trabalho/CURSO-ADAA/Teste-Altomatizado/Testes-Automatizados/src/utils/email-validator.js","all":false,"statementMap":{"0":{"start":{"line":1,"column":0},"end":{"line":1,"column":13}},"1":{"start":{"line":2,"column":0},"end":{"line":2,"column":24}},"2":{"start":{"line":3,"column":0},"end":{"line":3,"column":15}},"3":{"start":{"line":4,"column":0},"end":{"line":4,"column":15}},"4":{"start":{"line":5,"column":0},"end":{"line":5,"column":3}},"5":{"start":{"line":6,"column":0},"end":{"line":6,"column":0}},"6":{"start":{"line":7,"column":0},"end":{"line":7,"column":72}},"7":{"start":{"line":8,"column":0},"end":{"line":8,"column":28}},"8":{"start":{"line":9,"column":0},"end":{"line":9,"column":2}},"9":{"start":{"line":10,"column":0},"end":{"line":10,"column":1}},"10":{"start":{"line":11,"column":0},"end":{"line":11,"column":0}},"11":{"start":{"line":12,"column":0},"end":{"line":12,"column":22}}},"s":{"0":1,"1":1,"2":9,"3":0,"4":0,"5":9,"6":9,"7":9,"8":9,"9":1,"10":1,"11":1},"branchMap":{"0":{"type":"branch","line":2,"loc":{"start":{"line":2,"column":8},"end":{"line":9,"column":2}},"locations":[{"start":{"line":2,"column":8},"end":{"line":9,"column":2}}]},"1":{"type":"branch","line":3,"loc":{"start":{"line":3,"column":14},"end":{"line":5,"column":3}},"locations":[{"start":{"line":3,"column":14},"end":{"line":5,"column":3}}]}},"b":{"0":[9],"1":[0]},"fnMap":{"0":{"name":"isValid","decl":{"start":{"line":2,"column":8},"end":{"line":9,"column":2}},"loc":{"start":{"line":2,"column":8},"end":{"line":9,"column":2}},"line":2}},"f":{"0":9}}
}
