TN:
SF:src/controllers/session-ctrl.js
FN:6,create
FNF:1
FNH:1
FNDA:5,create
DA:1,1
DA:2,1
DA:3,1
DA:4,1
DA:5,1
DA:6,1
DA:7,5
DA:8,5
DA:9,5
DA:10,5
DA:11,1
DA:12,1
DA:13,4
DA:14,5
DA:15,1
DA:16,1
DA:17,3
DA:18,5
DA:19,1
DA:20,1
DA:21,1
DA:22,1
DA:23,1
DA:24,1
DA:25,1
DA:26,5
DA:27,4
DA:28,4
DA:29,5
DA:30,1
DA:31,1
DA:32,1
LF:32
LH:32
BRDA:6,0,0,5
BRDA:10,1,0,1
BRDA:12,2,0,4
BRDA:14,3,0,1
BRDA:16,4,0,3
BRDA:18,5,0,2
BRDA:18,6,0,1
BRDA:26,7,0,4
BRDA:27,8,0,1
BRDA:27,9,0,0
BRF:10
BRH:9
end_of_record
TN:
SF:src/controllers/user-ctrl.js
FN:5,create
FN:25,changePassword
FNF:2
FNH:1
FNDA:4,create
FNDA:0,changePassword
DA:1,1
DA:2,1
DA:3,1
DA:4,1
DA:5,1
DA:6,4
DA:7,4
DA:8,4
DA:9,4
DA:10,1
DA:11,1
DA:12,3
DA:13,4
DA:14,1
DA:15,1
DA:16,2
DA:17,2
DA:18,1
DA:19,1
DA:20,4
DA:21,3
DA:22,3
DA:23,4
DA:24,1
DA:25,1
DA:26,0
DA:27,0
DA:28,0
DA:29,0
DA:30,0
DA:31,1
DA:32,1
DA:33,1
LF:33
LH:28
BRDA:5,0,0,4
BRDA:9,1,0,1
BRDA:11,2,0,3
BRDA:13,3,0,1
BRDA:15,4,0,2
BRDA:18,5,0,1
BRDA:20,6,0,3
BRDA:21,7,0,1
BRDA:21,8,0,1
BRF:9
BRH:9
end_of_record
TN:
SF:src/schemas/User.js
FNF:0
FNH:0
DA:1,1
DA:2,1
DA:3,1
DA:4,1
DA:5,1
DA:6,1
DA:7,1
DA:8,1
DA:9,1
LF:9
LH:9
BRF:0
BRH:0
end_of_record
TN:
SF:src/services/session-service.js
FN:4,generateToken
FNF:1
FNH:1
FNDA:2,generateToken
DA:1,1
DA:2,1
DA:3,1
DA:4,1
DA:5,2
DA:6,2
DA:7,2
DA:8,2
DA:9,1
DA:10,1
DA:11,1
LF:11
LH:11
BRDA:4,0,0,2
BRF:1
BRH:1
end_of_record
TN:
SF:src/services/user-service.js
FN:4,createUser
FN:14,userExistsAndCheckPassword
FNF:2
FNH:1
FNDA:1,createUser
FNDA:0,userExistsAndCheckPassword
DA:1,1
DA:2,1
DA:3,1
DA:4,1
DA:5,1
DA:6,1
DA:7,1
DA:8,1
DA:9,1
DA:10,1
DA:11,1
DA:12,1
DA:13,1
DA:14,1
DA:15,0
DA:16,0
DA:17,0
DA:18,0
DA:19,0
DA:20,0
DA:21,0
DA:22,0
DA:23,0
DA:24,0
DA:25,0
DA:26,0
DA:27,1
DA:28,1
DA:29,1
LF:29
LH:17
BRDA:4,0,0,1
BRF:1
BRH:1
end_of_record
TN:
SF:src/utils/email-validator.js
FN:2,isValid
FNF:1
FNH:1
FNDA:9,isValid
DA:1,1
DA:2,1
DA:3,9
DA:4,0
DA:5,0
DA:6,9
DA:7,9
DA:8,9
DA:9,9
DA:10,1
DA:11,1
DA:12,1
LF:12
LH:10
BRDA:2,0,0,9
BRDA:3,1,0,0
BRF:2
BRH:1
end_of_record
