TN:
SF:src/app.js
FNF:0
FNH:0
DA:1,1
DA:2,1
DA:3,1
DA:4,1
DA:5,1
DA:6,1
DA:7,1
DA:8,1
DA:9,1
DA:10,1
LF:10
LH:10
BRF:0
BRH:0
end_of_record
TN:
SF:src/routes.js
FNF:0
FNH:0
DA:1,1
DA:2,1
DA:3,1
DA:4,1
DA:5,1
DA:6,1
DA:7,1
DA:8,1
DA:9,1
DA:10,1
DA:11,1
DA:12,1
DA:13,1
LF:13
LH:13
BRF:0
BRH:0
end_of_record
TN:
SF:src/controllers/session-ctrl.js
FN:6,create
FNF:1
FNH:1
FNDA:5,create
DA:1,1
DA:2,1
DA:3,1
DA:4,1
DA:5,1
DA:6,1
DA:7,5
DA:8,5
DA:9,5
DA:10,5
DA:11,1
DA:12,1
DA:13,4
DA:14,5
DA:15,1
DA:16,1
DA:17,3
DA:18,5
DA:19,1
DA:20,1
DA:21,1
DA:22,1
DA:23,1
DA:24,1
DA:25,1
DA:26,5
DA:27,4
DA:28,4
DA:29,5
DA:30,1
DA:31,1
DA:32,1
LF:32
LH:32
BRDA:6,0,0,5
BRDA:10,1,0,1
BRDA:12,2,0,4
BRDA:14,3,0,1
BRDA:16,4,0,3
BRDA:18,5,0,2
BRDA:18,6,0,1
BRDA:26,7,0,4
BRDA:27,8,0,1
BRDA:27,9,0,1
BRF:10
BRH:10
end_of_record
TN:
SF:src/controllers/user-ctrl.js
FN:5,create
FN:25,changePassword
FNF:2
FNH:2
FNDA:9,create
FNDA:1,changePassword
DA:1,1
DA:2,1
DA:3,1
DA:4,1
DA:5,1
DA:6,9
DA:7,9
DA:8,9
DA:9,9
DA:10,3
DA:11,3
DA:12,6
DA:13,9
DA:14,2
DA:15,2
DA:16,4
DA:17,4
DA:18,2
DA:19,2
DA:20,9
DA:21,7
DA:22,7
DA:23,9
DA:24,1
DA:25,1
DA:26,1
DA:27,1
DA:28,1
DA:29,1
DA:30,1
DA:31,1
DA:32,1
DA:33,1
LF:33
LH:33
BRDA:5,0,0,9
BRDA:9,1,0,3
BRDA:11,2,0,6
BRDA:13,3,0,2
BRDA:15,4,0,4
BRDA:18,5,0,2
BRDA:20,6,0,7
BRDA:21,7,0,2
BRDA:21,8,0,2
BRDA:25,9,0,1
BRF:10
BRH:10
end_of_record
TN:
SF:src/middlewares/auth.js
FN:3,Object.<anonymous>.module.exports
FNF:1
FNH:1
FNDA:3,Object.<anonymous>.module.exports
DA:1,1
DA:2,1
DA:3,1
DA:4,3
DA:5,1
DA:6,1
DA:7,2
DA:8,2
DA:9,2
DA:10,2
DA:11,2
DA:12,1
DA:13,1
DA:14,1
DA:15,1
DA:16,1
DA:17,1
DA:18,1
DA:19,1
DA:20,1
DA:21,3
LF:21
LH:21
BRDA:3,0,0,3
BRDA:4,1,0,1
BRDA:6,2,0,2
BRDA:12,3,0,1
BRF:4
BRH:4
end_of_record
TN:
SF:src/schemas/User.js
FNF:0
FNH:0
DA:1,1
DA:2,1
DA:3,1
DA:4,1
DA:5,1
DA:6,1
DA:7,1
DA:8,1
DA:9,1
LF:9
LH:9
BRF:0
BRH:0
end_of_record
TN:
SF:src/services/session-service.js
FN:4,generateToken
FNF:1
FNH:1
FNDA:2,generateToken
DA:1,1
DA:2,1
DA:3,1
DA:4,1
DA:5,2
DA:6,2
DA:7,2
DA:8,2
DA:9,1
DA:10,1
DA:11,1
LF:11
LH:11
BRDA:4,0,0,2
BRF:1
BRH:1
end_of_record
TN:
SF:src/services/user-service.js
FN:4,createUser
FN:14,userExistsAndCheckPassword
FNF:2
FNH:2
FNDA:3,createUser
FNDA:3,userExistsAndCheckPassword
DA:1,1
DA:2,1
DA:3,1
DA:4,1
DA:5,3
DA:6,3
DA:7,3
DA:8,3
DA:9,3
DA:10,2
DA:11,2
DA:12,2
DA:13,1
DA:14,1
DA:15,3
DA:16,3
DA:17,3
DA:18,1
DA:19,1
DA:20,2
DA:21,3
DA:22,1
DA:23,1
DA:24,1
DA:25,1
DA:26,1
DA:27,1
DA:28,1
DA:29,1
LF:29
LH:29
BRDA:4,0,0,3
BRDA:10,1,0,2
BRDA:14,2,0,3
BRDA:17,3,0,1
BRDA:19,4,0,2
BRDA:21,5,0,1
BRF:6
BRH:6
end_of_record
TN:
SF:src/utils/email-validator.js
FN:2,isValid
FNF:1
FNH:1
FNDA:14,isValid
DA:1,1
DA:2,1
DA:3,14
DA:4,1
DA:5,1
DA:6,13
DA:7,13
DA:8,13
DA:9,13
DA:10,1
DA:11,1
DA:12,1
LF:12
LH:12
BRDA:2,0,0,14
BRDA:3,1,0,1
BRDA:5,2,0,13
BRF:3
BRH:3
end_of_record
